- time: Tue Ja
-time: Tue Jan  3 04:32:15 2023
	 error: Server create | critical: Not critical;
-time: Tue Jan  3 04:32:24 2023
	 error: Server create | critical: Not critical;
-time: Tue Jan  3 04:32:31 2023
	 error: Server create | critical: Not critical;
-time: Tue Jan  3 04:33:12 2023
	 error: Server create | critical: Not critical;
-time: Tue Jan  3 04:33:17 2023
	 error: Server create | critical: Not critical;
-time: Tue Jan  3 20:11:51 2023
	 error: Wrong User login | critical: Not critical;
-time: Tue Jan  3 20:28:03 2023
	 error: Wrong User login | critical: Not critical;
-time: Tue Jan  3 20:38:08 2023
	 error: Wrong User login | critical: Not critical;
-time: Tue Jan  3 23:48:51 2023
	 error: Wrong User login | critical: Not critical;
-time: Tue Jan  3 23:51:28 2023
	 error: Wrong User login | critical: Not critical;
-time: Wed Jan  4 03:15:21 2023
	 error: Wrong User login | critical: Not critical;
-time: Wed Jan  4 04:08:42 2023
	 error: Can't receive message from client | critical: Not critical;
-time: Wed Jan  4 04:08:59 2023
	 error: Can't receive message from client | critical: Not critical;
-time: Wed Jan  4 04:09:54 2023
	 error: Can't receive message from client | critical: Not critical;
-time: Wed Jan  4 04:12:30 2023
	 error: Can't receive message from client | critical: Not critical;
-time: Wed Jan  4 04:17:20 2023
	 error: Can't receive message from client | critical: Not critical;
-time: Wed Jan  4 04:18:58 2023
	 error: Can't receive message from client | critical: Not critical;
-time: Wed Jan  4 15:28:28 2023
	 error: Can't receive message from client | critical: Not critical;
-time: Wed Jan  4 15:47:05 2023
	 error: Can't receive message from client | critical: Not critical;
-time: Wed Jan  4 15:58:43 2023
	 error: Can't receive message from client | critical: Not critical;
-time: Wed Jan  4 16:01:23 2023
	 error: Wrong User login | critical: Not critical;
-time: Wed Jan  4 19:27:31 2023
	 error: Socket bind failed | critical: Critical;
-time: Wed Jan  4 19:28:23 2023
	 error: Socket bind failed | critical: Critical;
-time: Wed Jan  4 22:07:05 2023
	 error: Socket bind failed | critical: Critical;
-time: Wed Jan  4 22:07:15 2023
	 error: Socket bind failed | critical: Critical;
-time: Wed Jan  4 22:09:20 2023
	 error: Socket bind failed | critical: Critical;
-time: Wed Jan  4 22:32:12 2023
	 error: Socket bind failed | critical: Critical;
-time: Wed Jan  4 22:32:23 2023
	 error: Socket bind failed | critical: Critical;
-time: Wed Jan  4 22:32:37 2023
	 error: Socket bind failed | critical: Critical;
-time: Wed Jan  4 22:32:47 2023
	 error: Socket bind failed | critical: Critical;
-time: Wed Jan  4 23:29:05 2023
	 error: Socket bind failed | critical: Critical;
-time: Wed Jan  4 23:29:17 2023
	 error: Socket bind failed | critical: Critical;
-time: Wed Jan  4 23:30:20 2023
	 error: Socket bind failed | critical: Critical;
-time: Wed Jan  4 23:37:31 2023
	 error: Socket bind failed | critical: Critical;
